<?xml version="1.0" encoding="UTF-8"?>
<testsuite name="br.com.kotlin4dev.TestFizzBuzz" tests="2" skipped="0" failures="0" errors="0" timestamp="2022-04-28T22:14:51" hostname="ZUP-5413" time="0.029">
  <properties/>
  <testcase name="Calling fizzbuzz with &quot;5&quot; returns list with 5 items()" classname="br.com.kotlin4dev.TestFizzBuzz" time="0.027"/>
  <testcase name="Calling fizzbuzz with 16 returns out the correct values()" classname="br.com.kotlin4dev.TestFizzBuzz" time="0.001"/>
  <system-out><![CDATA[]]></system-out>
  <system-err><![CDATA[]]></system-err>
</testsuite>
